==========================================================================================
IMAGE INFORMATION
==========================================================================================

Image ID   : image_6502.png
Image Path : /home/gayathr.jyothirmai/Radiology_Project/data/processed/mimic_cxr_images/image_6502.png

Loading CheXagent...

Model Loaded Successfully!

Generating Findings...



==========================================================================================
HUMAN GENERATED REPORT (Ground Truth)
==========================================================================================

FINDINGS:

New left chest pleural drain is in place. Surgical suture projects over the left mid to lower lung with associated postsurgical change. There is subcutaneous emphysema along the left chest wall. Paramediastinal postradiation changes are evident. Scarring in the right midlung with seen on recent chest CT. There is no focal airspace opacity worrisome for pneumonia. The heart is not enlarged. There is no pleural effusion or large pneumothorax.

IMPRESSION:

1. Postsurgical changes without evidence of pneumothorax.
2. Left chest tube in place.



==========================================================================================
CHEXAGENT GENERATED REPORT
==========================================================================================

FINDINGS:

There is a right hilar mass. There is a small left pneumothorax. There is volume loss in the right lower lobe. The heart size is normal. There is an elevation of the right hemidiaphragm. A left-sided chest tube is in place.

IMPRESSION:

1. Small left pneumothorax.

